<?xml version="1.0" encoding="UTF-8" ?>
<testsuite tests="1" failures="0" name="com.ys.elasticsearch.spring.boot.autoconfig.ElasticSearchAutoConfigTest" time="0.055" errors="1" skipped="0">
  <properties>
[...]
</properties>
  <testcase classname="com.ys.elasticsearch.spring.boot.autoconfig.ElasticSearchAutoConfigTest" name="testConnect" time="0.055">
    <error message="None of the configured nodes are available: [{#transport#-1}{lDlgf84tTjGInR-HD7zodg}{192.168.171.140}{192.168.171.140:9300}]" type="NoNodeAvailableException[None of the configured nodes are available">NoNodeAvailableException[None of the configured nodes are available: [{#transport#-1}{lDlgf84tTjGInR-HD7zodg}{192.168.171.140}{192.168.171.140:9300}]]
	at org.elasticsearch.client.transport.TransportClientNodesService.ensureNodesAreAvailable(TransportClientNodesService.java:347)
	at org.elasticsearch.client.transport.TransportClientNodesService.execute(TransportClientNodesService.java:245)
	at org.elasticsearch.client.transport.TransportProxyClient.execute(TransportProxyClient.java:60)
	at org.elasticsearch.client.transport.TransportClient.doExecute(TransportClient.java:371)
	at org.elasticsearch.client.support.AbstractClient.execute(AbstractClient.java:405)
	at org.elasticsearch.client.support.AbstractClient.execute(AbstractClient.java:394)
	at org.elasticsearch.action.ActionRequestBuilder.execute(ActionRequestBuilder.java:46)
	at org.elasticsearch.action.ActionRequestBuilder.get(ActionRequestBuilder.java:53)
	at com.ys.elasticsearch.spring.boot.autoconfig.ElasticSearchAutoConfigTest.testConnect(ElasticSearchAutoConfigTest.java:21)
	at sun.reflect.NativeMethodAccessorImpl.invoke0(Native Method)
	at sun.reflect.NativeMethodAccessorImpl.invoke(NativeMethodAccessorImpl.java:62)
	at sun.reflect.DelegatingMethodAccessorImpl.invoke(DelegatingMethodAccessorImpl.java:43)
	at java.lang.reflect.Method.invoke(Method.java:498)
	at org.junit.runners.model.FrameworkMethod$1.runReflectiveCall(FrameworkMethod.java:50)
	at org.junit.internal.runners.model.ReflectiveCallable.run(ReflectiveCallable.java:12)
	at org.junit.runners.model.FrameworkMethod.invokeExplosively(FrameworkMethod.java:47)
	at org.junit.internal.runners.statements.InvokeMethod.evaluate(InvokeMethod.java:17)
	at org.springframework.test.context.junit4.statements.RunBeforeTestMethodCallbacks.evaluate(RunBeforeTestMethodCallbacks.java:75)
	at org.springframework.test.context.junit4.statements.RunAfterTestMethodCallbacks.evaluate(RunAfterTestMethodCallbacks.java:86)
	at org.springframework.test.context.junit4.statements.SpringRepeat.evaluate(SpringRepeat.java:84)
	at org.junit.runners.ParentRunner.runLeaf(ParentRunner.java:325)
	at org.springframework.test.context.junit4.SpringJUnit4ClassRunner.runChild(SpringJUnit4ClassRunner.java:252)
	at org.springframework.test.context.junit4.SpringJUnit4ClassRunner.runChild(SpringJUnit4ClassRunner.java:94)
	at org.junit.runners.ParentRunner$3.run(ParentRunner.java:290)
	at org.junit.runners.ParentRunner$1.schedule(ParentRunner.java:71)
	at org.junit.runners.ParentRunner.runChildren(ParentRunner.java:288)
	at org.junit.runners.ParentRunner.access$000(ParentRunner.java:58)
	at org.junit.runners.ParentRunner$2.evaluate(ParentRunner.java:268)
	at org.springframework.test.context.junit4.statements.RunBeforeTestClassCallbacks.evaluate(RunBeforeTestClassCallbacks.java:61)
	at org.springframework.test.context.junit4.statements.RunAfterTestClassCallbacks.evaluate(RunAfterTestClassCallbacks.java:70)
	at org.junit.runners.ParentRunner.run(ParentRunner.java:363)
	at org.springframework.test.context.junit4.SpringJUnit4ClassRunner.run(SpringJUnit4ClassRunner.java:191)
	at org.apache.maven.surefire.junit4.JUnit4Provider.execute(JUnit4Provider.java:252)
	at org.apache.maven.surefire.junit4.JUnit4Provider.executeTestSet(JUnit4Provider.java:141)
	at org.apache.maven.surefire.junit4.JUnit4Provider.invoke(JUnit4Provider.java:112)
	at sun.reflect.NativeMethodAccessorImpl.invoke0(Native Method)
	at sun.reflect.NativeMethodAccessorImpl.invoke(NativeMethodAccessorImpl.java:62)
	at sun.reflect.DelegatingMethodAccessorImpl.invoke(DelegatingMethodAccessorImpl.java:43)
	at java.lang.reflect.Method.invoke(Method.java:498)
	at org.apache.maven.surefire.util.ReflectionUtils.invokeMethodWithArray(ReflectionUtils.java:189)
	at org.apache.maven.surefire.booter.ProviderFactory$ProviderProxy.invoke(ProviderFactory.java:165)
	at org.apache.maven.surefire.booter.ProviderFactory.invokeProvider(ProviderFactory.java:85)
	at org.apache.maven.surefire.booter.ForkedBooter.runSuitesInProcess(ForkedBooter.java:115)
	at org.apache.maven.surefire.booter.ForkedBooter.main(ForkedBooter.java:75)
</error>
    <system-out>
  .   ____          _            __ _ _
 /\\ / ___&apos;_ __ _ _(_)_ __  __ _ \ \ \ \
( ( )\___ | &apos;_ | &apos;_| | &apos;_ \/ _` | \ \ \ \
 \\/  ___)| |_)| | | | | || (_| |  ) ) ) )
  &apos;  |____| .__|_| |_|_| |_\__, | / / / /
 =========|_|==============|___/=/_/_/_/
 :: Spring Boot ::       (v1.5.15.RELEASE)

2018-08-09 20:00:23.395  INFO 8300 --- [           main] o.e.p.PluginsService                     : no modules loaded
2018-08-09 20:00:23.400  INFO 8300 --- [           main] o.e.p.PluginsService                     : loaded plugin [org.elasticsearch.index.reindex.ReindexPlugin]
2018-08-09 20:00:23.401  INFO 8300 --- [           main] o.e.p.PluginsService                     : loaded plugin [org.elasticsearch.join.ParentJoinPlugin]
2018-08-09 20:00:23.401  INFO 8300 --- [           main] o.e.p.PluginsService                     : loaded plugin [org.elasticsearch.percolator.PercolatorPlugin]
2018-08-09 20:00:23.401  INFO 8300 --- [           main] o.e.p.PluginsService                     : loaded plugin [org.elasticsearch.script.mustache.MustachePlugin]
2018-08-09 20:00:23.402  INFO 8300 --- [           main] o.e.p.PluginsService                     : loaded plugin [org.elasticsearch.transport.Netty4Plugin]
</system-out>
    <system-err>八月 09, 2018 8:00:20 下午 org.springframework.boot.test.context.SpringBootTestContextBootstrapper buildDefaultMergedContextConfiguration
信息: Neither @ContextConfiguration nor @ContextHierarchy found for test class [com.ys.elasticsearch.spring.boot.autoconfig.ElasticSearchAutoConfigTest], using SpringBootContextLoader
八月 09, 2018 8:00:20 下午 org.springframework.test.context.support.AbstractContextLoader generateDefaultLocations
信息: Could not detect default resource locations for test class [com.ys.elasticsearch.spring.boot.autoconfig.ElasticSearchAutoConfigTest]: no resource found for suffixes {-context.xml, Context.groovy}.
八月 09, 2018 8:00:20 下午 org.springframework.boot.test.context.SpringBootTestContextBootstrapper getDefaultTestExecutionListenerClassNames
信息: Loaded default TestExecutionListener class names from location [META-INF/spring.factories]: [org.springframework.boot.test.mock.mockito.MockitoTestExecutionListener, org.springframework.boot.test.mock.mockito.ResetMocksTestExecutionListener, org.springframework.boot.test.autoconfigure.restdocs.RestDocsTestExecutionListener, org.springframework.boot.test.autoconfigure.web.client.MockRestServiceServerResetTestExecutionListener, org.springframework.boot.test.autoconfigure.web.servlet.MockMvcPrintOnlyOnFailureTestExecutionListener, org.springframework.boot.test.autoconfigure.web.servlet.WebDriverTestExecutionListener, org.springframework.test.context.web.ServletTestExecutionListener, org.springframework.test.context.support.DirtiesContextBeforeModesTestExecutionListener, org.springframework.test.context.support.DependencyInjectionTestExecutionListener, org.springframework.test.context.support.DirtiesContextTestExecutionListener, org.springframework.test.context.transaction.TransactionalTestExecutionListener, org.springframework.test.context.jdbc.SqlScriptsTestExecutionListener]
八月 09, 2018 8:00:20 下午 org.springframework.boot.test.context.SpringBootTestContextBootstrapper getTestExecutionListeners
信息: Using TestExecutionListeners: [org.springframework.test.context.support.DirtiesContextBeforeModesTestExecutionListener@64729b1e, org.springframework.boot.test.mock.mockito.MockitoTestExecutionListener@10bbd20a, org.springframework.boot.test.autoconfigure.SpringBootDependencyInjectionTestExecutionListener@48503868, org.springframework.test.context.support.DirtiesContextTestExecutionListener@6895a785, org.springframework.boot.test.mock.mockito.ResetMocksTestExecutionListener@184f6be2, org.springframework.boot.test.autoconfigure.restdocs.RestDocsTestExecutionListener@56aac163, org.springframework.boot.test.autoconfigure.web.client.MockRestServiceServerResetTestExecutionListener@1f7030a6, org.springframework.boot.test.autoconfigure.web.servlet.MockMvcPrintOnlyOnFailureTestExecutionListener@5a1c0542, org.springframework.boot.test.autoconfigure.web.servlet.WebDriverTestExecutionListener@396f6598]
八月 09, 2018 8:00:22 下午 com.ys.elasticsearch.spring.boot.autoconfig.ElasticSearchAutoConfigTest logStarting
信息: Starting ElasticSearchAutoConfigTest on DEEP-1804122241 with PID 8300 (started by Administrator in F:\workspace4\elasticsearch-spring-boot-start1)
八月 09, 2018 8:00:22 下午 com.ys.elasticsearch.spring.boot.autoconfig.ElasticSearchAutoConfigTest logStartupProfileInfo
信息: No active profile set, falling back to default profiles: default
八月 09, 2018 8:00:22 下午 org.springframework.context.annotation.AnnotationConfigApplicationContext prepareRefresh
信息: Refreshing org.springframework.context.annotation.AnnotationConfigApplicationContext@3cce57c7: startup date [Thu Aug 09 20:00:22 CST 2018]; root of context hierarchy
SLF4J: Failed to load class &quot;org.slf4j.impl.StaticLoggerBinder&quot;.
SLF4J: Defaulting to no-operation (NOP) logger implementation
SLF4J: See http://www.slf4j.org/codes.html#StaticLoggerBinder for further details.
八月 09, 2018 8:00:47 下午 com.ys.elasticsearch.spring.boot.autoconfig.ElasticSearchAutoConfigTest logStarted
信息: Started ElasticSearchAutoConfigTest in 26.778 seconds (JVM running for 28.17)
</system-err>
  </testcase>
</testsuite>